TN:
SF:client\src\pages\Auth\Login.js
FN:9,(anonymous_0)
FN:20,(anonymous_1)
FN:62,(anonymous_2)
FN:73,(anonymous_3)
FN:84,(anonymous_4)
FNF:5
FNH:4
FNDA:11,(anonymous_0)
FNDA:2,(anonymous_1)
FNDA:3,(anonymous_2)
FNDA:3,(anonymous_3)
FNDA:0,(anonymous_4)
DA:9,1
DA:10,11
DA:11,11
DA:12,11
DA:15,11
DA:16,11
DA:20,11
DA:21,2
DA:22,2
DA:23,2
DA:27,1
DA:28,1
DA:36,1
DA:41,1
DA:42,1
DA:44,0
DA:47,1
DA:48,1
DA:51,11
DA:62,3
DA:73,3
DA:85,0
LF:22
LH:20
BRDA:27,0,0,1
BRDA:27,0,1,0
BRDA:27,1,0,1
BRDA:27,1,1,1
BRDA:28,2,0,1
BRDA:28,2,1,1
BRDA:42,3,0,1
BRDA:42,3,1,1
BRF:8
BRH:7
end_of_record
TN:
SF:client\src\pages\Auth\Register.js
FN:7,(anonymous_0)
FN:18,(anonymous_1)
FN:51,(anonymous_2)
FN:63,(anonymous_3)
FN:74,(anonymous_4)
FN:85,(anonymous_5)
FN:96,(anonymous_6)
FN:107,(anonymous_7)
FN:118,(anonymous_8)
FNF:9
FNH:9
FNDA:16,(anonymous_0)
FNDA:2,(anonymous_1)
FNDA:2,(anonymous_2)
FNDA:2,(anonymous_3)
FNDA:2,(anonymous_4)
FNDA:2,(anonymous_5)
FNDA:2,(anonymous_6)
FNDA:2,(anonymous_7)
FNDA:2,(anonymous_8)
DA:7,1
DA:8,16
DA:9,16
DA:10,16
DA:11,16
DA:12,16
DA:13,16
DA:14,16
DA:15,16
DA:18,16
DA:19,2
DA:20,2
DA:21,2
DA:30,1
DA:31,1
DA:32,1
DA:34,0
DA:37,1
DA:38,1
DA:42,16
DA:51,2
DA:63,2
DA:74,2
DA:85,2
DA:96,2
DA:107,2
DA:118,2
LF:27
LH:26
BRDA:30,0,0,1
BRDA:30,0,1,0
BRDA:30,1,0,1
BRDA:30,1,1,1
BRF:4
BRH:3
end_of_record
